
           ___      .______        ______  __    __  .______      
          /   \     |   _  \      /      ||  |  |  | |   _  \     
         /  ^  \    |  |_)  |    |  ,----'|  |__|  | |  |_)  |    
        /  /_\  \   |      /     |  |     |   __   | |      /     
       /  _____  \  |  |\  \\___ |  `----.|  |  |  | |  |\  \\___.
      /__/     \__\ | _| `._____| \______||__|  |__| | _| `._____|
    
Logging With ArchR!

Start Time : 2021-09-02 19:45:03

------- ArchR Info

ArchRThreads = 4
ArchRGenome = Hg19

------- System Info

Computer OS = unix
Total Cores = 8

------- Session Info

R version 4.0.2 (2020-06-22)
Platform: x86_64-apple-darwin17.0 (64-bit)
Running under: macOS  10.16

Matrix products: default
LAPACK: /Library/Frameworks/R.framework/Versions/4.0/Resources/lib/libRlapack.dylib

locale:
[1] en_US.UTF-8/en_US.UTF-8/en_US.UTF-8/C/en_US.UTF-8/en_US.UTF-8

attached base packages:
 [1] parallel  stats4    grid      stats     graphics  grDevices utils     datasets  methods  
[10] base     

other attached packages:
 [1] gtable_0.3.0                ggrepel_0.9.1               circlize_0.4.12            
 [4] ComplexHeatmap_2.4.3        nabor_0.5.0                 ggseqlogo_0.1              
 [7] ArchR_1.0.1                 magrittr_2.0.1              rhdf5_2.32.4               
[10] Matrix_1.3-2                data.table_1.14.0           SummarizedExperiment_1.18.2
[13] DelayedArray_0.14.1         matrixStats_0.58.0          Biobase_2.48.0             
[16] GenomicRanges_1.40.0        GenomeInfoDb_1.24.2         IRanges_2.22.2             
[19] S4Vectors_0.26.1            BiocGenerics_0.34.0         ggplot2_3.3.3              
[22] shinybusy_0.2.2             patchwork_1.1.1             gridExtra_2.3              
[25] magick_2.7.0                hexbin_1.28.2               shinycssloaders_1.0.0      
[28] SeuratObject_4.0.0          Seurat_4.0.1                shiny_1.6.0                

loaded via a namespace (and not attached):
  [1] utf8_1.2.1                        reticulate_1.18                  
  [3] R.utils_2.10.1                    tidyselect_1.1.0                 
  [5] poweRlaw_0.70.6                   RSQLite_2.2.4                    
  [7] AnnotationDbi_1.50.3              htmlwidgets_1.5.3                
  [9] BiocParallel_1.22.0               Rtsne_0.15                       
 [11] munsell_0.5.0                     codetools_0.2-18                 
 [13] ica_1.0-2                         DT_0.17                          
 [15] future_1.21.0                     miniUI_0.1.1.1                   
 [17] withr_2.4.1                       colorspace_2.0-0                 
 [19] knitr_1.31                        rstudioapi_0.13                  
 [21] ROCR_1.0-11                       tensor_1.5                       
 [23] listenv_0.8.0                     labeling_0.4.2                   
 [25] GenomeInfoDbData_1.2.3            polyclip_1.10-0                  
 [27] farver_2.1.0                      bit64_4.0.5                      
 [29] parallelly_1.24.0                 vctrs_0.3.6                      
 [31] generics_0.1.0                    xfun_0.22                        
 [33] R6_2.5.0                          clue_0.3-58                      
 [35] bitops_1.0-6                      spatstat.utils_2.1-0             
 [37] cachem_1.0.4                      assertthat_0.2.1                 
 [39] promises_1.2.0.1                  scales_1.1.1                     
 [41] debugme_1.1.0                     Cairo_1.5-12.2                   
 [43] globals_0.14.0                    goftest_1.2-2                    
 [45] seqLogo_1.54.3                    rlang_0.4.10                     
 [47] GlobalOptions_0.1.2               splines_4.0.2                    
 [49] rtracklayer_1.48.0                lazyeval_0.2.2                   
 [51] spatstat.geom_1.65-5              BiocManager_1.30.10              
 [53] yaml_2.2.1                        reshape2_1.4.4                   
 [55] abind_1.4-5                       crosstalk_1.1.1                  
 [57] rsconnect_0.8.16                  httpuv_1.5.5                     
 [59] tools_4.0.2                       ellipsis_0.3.1                   
 [61] spatstat.core_1.65-5              jquerylib_0.1.3                  
 [63] RColorBrewer_1.1-2                ggridges_0.5.3                   
 [65] Rcpp_1.0.6                        plyr_1.8.6                       
 [67] zlibbioc_1.34.0                   purrr_0.3.4                      
 [69] RCurl_1.98-1.3                    rpart_4.1-15                     
 [71] deldir_0.2-10                     pbapply_1.4-3                    
 [73] GetoptLong_1.0.5                  cowplot_1.1.1                    
 [75] zoo_1.8-9                         cluster_2.1.1                    
 [77] scattermore_0.7                   lmtest_0.9-38                    
 [79] RANN_2.6.1                        fitdistrplus_1.1-3               
 [81] hms_1.0.0                         mime_0.10                        
 [83] evaluate_0.14                     xtable_1.8-4                     
 [85] XML_3.99-0.6                      shape_1.4.5                      
 [87] compiler_4.0.2                    tibble_3.1.0                     
 [89] KernSmooth_2.23-18                crayon_1.4.1                     
 [91] BSgenome.Hsapiens.UCSC.hg19_1.4.3 R.oo_1.24.0                      
 [93] htmltools_0.5.1.1                 mgcv_1.8-34                      
 [95] later_1.2.0                       TFBSTools_1.26.0                 
 [97] tidyr_1.1.3                       DBI_1.1.1                        
 [99] MASS_7.3-53.1                     readr_1.4.0                      
[101] R.methodsS3_1.8.1                 igraph_1.2.6                     
[103] pkgconfig_2.0.3                   GenomicAlignments_1.24.0         
[105] TFMPvalue_0.0.8                   plotly_4.9.3                     
[107] spatstat.sparse_2.0-0             annotate_1.66.0                  
[109] bslib_0.2.4                       DirichletMultinomial_1.30.0      
[111] XVector_0.28.0                    stringr_1.4.0                    
[113] digest_0.6.27                     sctransform_0.3.2                
[115] RcppAnnoy_0.0.18                  pracma_2.3.3                     
[117] CNEr_1.24.0                       spatstat.data_2.0-0              
[119] Biostrings_2.56.0                 rmarkdown_2.7                    
[121] leiden_0.3.7                      uwot_0.1.10                      
[123] Rsamtools_2.4.0                   gtools_3.8.2                     
[125] rjson_0.2.20                      lifecycle_1.0.0                  
[127] nlme_3.1-152                      jsonlite_1.7.2                   
[129] Rhdf5lib_1.10.1                   viridisLite_0.3.0                
[131] BSgenome_1.56.0                   fansi_0.4.2                      
[133] pillar_1.5.1                      lattice_0.20-41                  
[135] KEGGREST_1.28.0                   fastmap_1.1.0                    
[137] httr_1.4.2                        survival_3.2-10                  
[139] GO.db_3.11.4                      glue_1.4.2                       
[141] png_0.1-7                         bit_4.0.4                        
[143] sass_0.3.1                        stringi_1.5.3                    
[145] blob_1.2.1                        caTools_1.18.1                   
[147] memoise_2.0.0                     dplyr_1.0.5                      
[149] irlba_2.3.3                       future.apply_1.7.0               


------- Log Info


2021-09-02 19:45:03 : getMatrixFromProject Input-Parameters, Class = list

getMatrixFromProject Input-Parameters$ArchRProj: length = 1

getMatrixFromProject Input-Parameters$useMatrix: length = 1
[1] "MotifMatrix"


getMatrixFromProject Input-Parameters$useSeqnames: length = 0
NULL


getMatrixFromProject Input-Parameters$verbose: length = 1
[1] FALSE


getMatrixFromProject Input-Parameters$binarize: length = 1
[1] FALSE


getMatrixFromProject Input-Parameters$threads: length = 1
[1] 4


getMatrixFromProject Input-Parameters$logFile: length = 1
[1] "ArchRLogs/ArchR-getMatrixFromProject-d47a616c343-Date-2021-09-02_Time-19-45-03.log"


2021-09-02 19:45:04 : Reading MotifMatrix : scATAC_BMMC_R1(1 of 3), 0.012 mins elapsed.
2021-09-02 19:45:04 : Reading MotifMatrix : scATAC_CD34_BMMC_R1(2 of 3), 0.012 mins elapsed.
2021-09-02 19:45:04 : Reading MotifMatrix : scATAC_PBMC_R1(3 of 3), 0.012 mins elapsed.

2021-09-02 19:45:04 : getMatrixFromArrow Input-Parameters, Class = list

2021-09-02 19:45:04 : getMatrixFromArrow Input-Parameters, Class = list

2021-09-02 19:45:04 : getMatrixFromArrow Input-Parameters, Class = list


getMatrixFromArrow Input-Parameters$ArrowFile: length = 1
getMatrixFromArrow Input-Parameters$ArrowFile: length = 1

getMatrixFromArrow Input-Parameters$ArrowFile: length = 1
                                                                                                                                          scATAC_CD34_BMMC_R1 
"/Users/ankushs/Dropbox (UiO)/Data_Visualization/ShinyAPP_ATAC/ShinyArchR.UIO/ShinyArchR.UiO_UserExample/Save-ProjHeme5/ArrowFiles/scATAC_CD34_BMMC_R1.arrow" 
                                                                                                                                          scATAC_PBMC_R1 

"/Users/ankushs/Dropbox (UiO)/Data_Visualization/ShinyAPP_ATAC/ShinyArchR.UIO/ShinyArchR.UiO_UserExample/Save-ProjHeme5/ArrowFiles/scATAC_PBMC_R1.arrow" 


                                                                                                                                          scATAC_BMMC_R1 getMatrixFromArrow Input-Parameters$useMatrix: length = 1


"/Users/ankushs/Dropbox (UiO)/Data_Visualization/ShinyAPP_ATAC/ShinyArchR.UIO/ShinyArchR.UiO_UserExample/Save-ProjHeme5/ArrowFiles/scATAC_BMMC_R1.arrow" 
getMatrixFromArrow Input-Parameters$useMatrix: length = 1
[1] "MotifMatrix"

[1]
 "MotifMatrix"


getMatrixFromArrow Input-Parameters$useMatrix: length = 1


getMatrixFromArrow Input-Parameters$useSeqnames: length = 0
getMatrixFromArrow Input-Parameters$useSeqnames: length = 0
[1] "MotifMatrix"
NULL
NULL






getMatrixFromArrow Input-Parameters$useSeqnames: length = 0
getMatrixFromArrow Input-Parameters$cellNames: length = 3168
getMatrixFromArrow Input-Parameters$cellNames: length = 2393
NULL
[1][1] "scATAC_PBMC_R1#ATGGATCCAGGCAAGT-1" "scATAC_PBMC_R1#CACATGAAGGCCTAAG-1"
[3] "scATAC_PBMC_R1#CAAAGCTGTCTGATTG-1" "scATAC_PBMC_R1#CTGAATGAGCAGAATT-1"
 "scATAC_CD34_BMMC_R1#GTTCAAGAGGTGTTGG-1"
[5] "scATAC_CD34_BMMC_R1#GCGTTGGGTTACGGAG-1"
 "scATAC_PBMC_R1#GTCACGGAGCTCGGCT-1"[3] "scATAC_PBMC_R1#CCTGCTACAATGGCAG-1" "scATAC_CD34_BMMC_R1#CAACGGCGTACCCACG-1" "scATAC_CD34_BMMC_R1#ATTCGTTTCTCGTGAA-1"

[5] "scATAC_CD34_BMMC_R1#TAATCGGGTTCGGGAA-1" "scATAC_CD34_BMMC_R1#ATGTTTCAGTACAGTA-1"



getMatrixFromArrow Input-Parameters$cellNames: length = 4689


getMatrixFromArrow Input-Parameters$ArchRProj: length = 1
[1]getMatrixFromArrow Input-Parameters$ArchRProj: length = 1
 "scATAC_BMMC_R1#TTATGTCAGTGATTAG-1" "scATAC_BMMC_R1#AAGATAGTCACCGCGA-1"
[3] "scATAC_BMMC_R1#GCATTGAAGATTCCGT-1" "scATAC_BMMC_R1#TATGTTCAGGGTTCCC-1"
[5] "scATAC_BMMC_R1#AGTTACGAGAACGTCG-1" "scATAC_BMMC_R1#TTACTCAGTTCGGGAA-1"


getMatrixFromArrow Input-Parameters$ArchRProj: length = 1


getMatrixFromArrow Input-Parameters$verbose: length = 1
getMatrixFromArrow Input-Parameters$verbose: length = 1
[1][1] FALSE FALSE





getMatrixFromArrow Input-Parameters$binarize: length = 1
getMatrixFromArrow Input-Parameters$binarize: length = 1

[1] FALSE
getMatrixFromArrow Input-Parameters$verbose: length = 1
[1]
 FALSE
[1] FALSE


getMatrixFromArrow Input-Parameters$logFile: length = 1


[1]
 "ArchRLogs/ArchR-getMatrixFromProject-d47a616c343-Date-2021-09-02_Time-19-45-03.log"
getMatrixFromArrow Input-Parameters$logFile: length = 1
getMatrixFromArrow Input-Parameters$binarize: length = 1

[1] "ArchRLogs/ArchR-getMatrixFromProject-d47a616c343-Date-2021-09-02_Time-19-45-03.log"

[1]
 FALSE



getMatrixFromArrow Input-Parameters$logFile: length = 1
[1] "ArchRLogs/ArchR-getMatrixFromProject-d47a616c343-Date-2021-09-02_Time-19-45-03.log"



2021-09-02 19:45:04 : featureDF scATAC_CD34_BMMC_R1, Class = DFrame

2021-09-02 19:45:04 : featureDF scATAC_PBMC_R1, Class = DFrame

2021-09-02 19:45:04 : featureDF scATAC_BMMC_R1, Class = DFrame
DataFrame with DataFrameDataFrame1740 with 1740 with  row1740s and  row3s row and  column3ss
 and  column3s column
s
               seqnames   seqnames     idx     idx      name   seqnames      name     idx      name
    
    
          <Rle>      <Rle> <array> <array>   <array>
1      <array> deviations      <Rle>
1          1 <array> deviations  TFAP2B_1   <array>       1
2   
1     TFAP2B_1 deviations deviations
2    deviations       1       2       2  TFAP2D_2  TFAP2B_1  TFAP2D_2
2   
3    deviations
3          2 deviations  TFAP2D_2       3  TFAP2C_3
3   
4    deviations deviations       3  TFAP2C_3       4 deviations
4     TFAP2E_4 deviations       3
5     TFAP2C_3 deviations       4       5  TFAP2A_5
4   
...   TFAP2E_4        ...     ...       ...
5   
1736 deviations          z       5 deviations       4  TFAP2A_5  TFAP2E_4     866
5    SMAD5_866
... 
1737        ... deviations          z     ...     867       5       ... SMAD9_867
1736          z  TFAP2A_5     866
1738 SMAD5_866          z
...      868        ...  SOX6_868
1737     ...          z
1739     867          z SMAD9_867       ...     869
1738
1736 TBX18_869          z          z
1740     866     868 SMAD5_866  SOX6_868          z
1739
1737     870          z     867 TBX22_870 SMAD9_867
1738          z          z     868
     869  SOX6_868 TBX18_869
1739
1740          z          z     869     870 TBX18_869 TBX22_870
1740
          z     870 TBX22_870



2021-09-02 19:45:04 : Getting MotifMatrix from ArrowFile : scATAC_BMMC_R1.arrow, 0.004 mins elapsed.
2021-09-02 19:45:04 : Getting MotifMatrix from ArrowFile : scATAC_PBMC_R1.arrow, 0.004 mins elapsed.
2021-09-02 19:45:04 : Getting MotifMatrix from ArrowFile : scATAC_CD34_BMMC_R1.arrow, 0.004 mins elapsed.

2021-09-02 19:45:05 : mat scATAC_PBMC_R1, Class = dgCMatrix
mat scATAC_PBMC_R1: nRows = 1740, nCols = 2393
mat scATAC_PBMC_R1: NonZeroEntries = 4163820, EntryRange = [ -15.8924320666529 , 13.2320697045526 ]
5 x 5 sparse Matrix of class "dgCMatrix"
     scATAC_PBMC_R1#ATGGATCCAGGCAAGT-1 scATAC_PBMC_R1#CACATGAAGGCCTAAG-1
[1,]                       0.055147151                     -0.0359937705
[2,]                      -0.007259766                     -0.0038441230
[3,]                       0.051609096                     -0.0003878464
[4,]                       0.053102807                      0.0549942568
[5,]                       0.033329097                     -0.0047188203
     scATAC_PBMC_R1#CAAAGCTGTCTGATTG-1 scATAC_PBMC_R1#CTGAATGAGCAGAATT-1
[1,]                       -0.08832992                      -0.066390637
[2,]                        0.02196671                       0.024982342
[3,]                       -0.07090249                      -0.068144617
[4,]                       -0.02565773                       0.012598412
[5,]                       -0.01236120                       0.003029003
     scATAC_PBMC_R1#GTCACGGAGCTCGGCT-1
[1,]                       0.008761181
[2,]                      -0.023329710
[3,]                      -0.013567964
[4,]                       0.008154781
[5,]                      -0.027748622


2021-09-02 19:45:06 : Organizing SE MotifMatrix from ArrowFile : scATAC_PBMC_R1.arrow, 0.031 mins elapsed.

2021-09-02 19:45:06 : mat scATAC_CD34_BMMC_R1, Class = dgCMatrix
mat scATAC_CD34_BMMC_R1: nRows = 1740, nCols = 3168
mat scATAC_CD34_BMMC_R1: NonZeroEntries = 5512320, EntryRange = [ -9.20824136545678 , 25.2074264575111 ]
5 x 5 sparse Matrix of class "dgCMatrix"
     scATAC_CD34_BMMC_R1#GTTCAAGAGGTGTTGG-1 scATAC_CD34_BMMC_R1#GCGTTGGGTTACGGAG-1
[1,]                            0.006573118                            0.068852394
[2,]                           -0.039732514                           -0.009993525
[3,]                            0.080334897                            0.078017501
[4,]                            0.053771735                            0.042617830
[5,]                            0.022227826                            0.036875923
     scATAC_CD34_BMMC_R1#CAACGGCGTACCCACG-1 scATAC_CD34_BMMC_R1#ATTCGTTTCTCGTGAA-1
[1,]                            0.056977918                             0.04132631
[2,]                           -0.037799381                            -0.01638121
[3,]                            0.025777258                             0.04608315
[4,]                            0.061245533                             0.01644713
[5,]                           -0.008297153                             0.03637193
     scATAC_CD34_BMMC_R1#TAATCGGGTTCGGGAA-1
[1,]                             0.12487228
[2,]                            -0.04909379
[3,]                             0.08273686
[4,]                             0.06279343
[5,]                             0.03641294


2021-09-02 19:45:06 : Organizing SE MotifMatrix from ArrowFile : scATAC_CD34_BMMC_R1.arrow, 0.037 mins elapsed.

2021-09-02 19:45:06 : se scATAC_PBMC_R1, Class = SummarizedExperiment
class: SummarizedExperiment 
dim: 870 2393 
metadata(0):
assays(2): deviations z
rownames(870): TFAP2B_1 TFAP2D_2 ... TBX18_869 TBX22_870
rowData names(2): idx name
colnames(2393): scATAC_PBMC_R1#ATGGATCCAGGCAAGT-1 scATAC_PBMC_R1#CACATGAAGGCCTAAG-1
  ... scATAC_PBMC_R1#TTCGTTACATTGAACC-1 scATAC_PBMC_R1#CGCTATCGTGAGGTCA-1
colData names(32): BlacklistRatio DoubletEnrichment ... MyeloidU LymphoidU

2021-09-02 19:45:06 : Completed MotifMatrix : scATAC_PBMC_R1(3 of 3), 0.055 mins elapsed.

2021-09-02 19:45:07 : mat scATAC_BMMC_R1, Class = dgCMatrix
mat scATAC_BMMC_R1: nRows = 1740, nCols = 4689

2021-09-02 19:45:07 : se scATAC_CD34_BMMC_R1, Class = SummarizedExperiment
class: SummarizedExperiment 
dim: 870 3168 
metadata(0):
assays(2): deviations z
rownames(870): TFAP2B_1 TFAP2D_2 ... TBX18_869 TBX22_870
rowData names(2): idx name
colnames(3168): scATAC_CD34_BMMC_R1#GTTCAAGAGGTGTTGG-1
  scATAC_CD34_BMMC_R1#GCGTTGGGTTACGGAG-1 ... scATAC_CD34_BMMC_R1#GTCACCTTCGACTATG-1
  scATAC_CD34_BMMC_R1#CTCACCATCATGTTCT-1
colData names(32): BlacklistRatio DoubletEnrichment ... MyeloidU LymphoidU

2021-09-02 19:45:07 : Completed MotifMatrix : scATAC_CD34_BMMC_R1(2 of 3), 0.058 mins elapsed.
mat scATAC_BMMC_R1: NonZeroEntries = 8158860, EntryRange = [ -9.09062171921684 , 19.4044413361294 ]
5 x 5 sparse Matrix of class "dgCMatrix"
     scATAC_BMMC_R1#TTATGTCAGTGATTAG-1 scATAC_BMMC_R1#AAGATAGTCACCGCGA-1
[1,]                       0.018352929                       0.021924932
[2,]                      -0.004192676                      -0.009968646
[3,]                      -0.043455055                       0.058137438
[4,]                      -0.059878896                      -0.016036861
[5,]                       0.006673072                      -0.027983378
     scATAC_BMMC_R1#GCATTGAAGATTCCGT-1 scATAC_BMMC_R1#TATGTTCAGGGTTCCC-1
[1,]                        0.06839996                       0.083182017
[2,]                        0.02295620                      -0.023974508
[3,]                        0.07584113                       0.036536771
[4,]                       -0.03531606                       0.002565635
[5,]                        0.09908435                       0.051917056
     scATAC_BMMC_R1#AGTTACGAGAACGTCG-1
[1,]                      0.0053066332
[2,]                      0.0087516695
[3,]                      0.0542431120
[4,]                      0.0496874824
[5,]                     -0.0005927195


2021-09-02 19:45:07 : Organizing SE MotifMatrix from ArrowFile : scATAC_BMMC_R1.arrow, 0.046 mins elapsed.

2021-09-02 19:45:07 : se scATAC_BMMC_R1, Class = SummarizedExperiment
class: SummarizedExperiment 
dim: 870 4689 
metadata(0):
assays(2): deviations z
rownames(870): TFAP2B_1 TFAP2D_2 ... TBX18_869 TBX22_870
rowData names(2): idx name
colnames(4689): scATAC_BMMC_R1#TTATGTCAGTGATTAG-1 scATAC_BMMC_R1#AAGATAGTCACCGCGA-1
  ... scATAC_BMMC_R1#GTTGGGCGTAACGGTG-1 scATAC_BMMC_R1#TGAGTCACAGCTTACA-1
colData names(32): BlacklistRatio DoubletEnrichment ... MyeloidU LymphoidU

2021-09-02 19:45:07 : Completed MotifMatrix : scATAC_BMMC_R1(1 of 3), 0.067 mins elapsed.
2021-09-02 19:45:07 : Organizing colData, 0.073 mins elapsed.
2021-09-02 19:45:08 : Organizing rowData, 0.074 mins elapsed.
2021-09-02 19:45:08 : Organizing rowRanges, 0.075 mins elapsed.
2021-09-02 19:45:08 : Organizing Assays (1 of 2), 0.075 mins elapsed.
2021-09-02 19:45:08 : Organizing Assays (2 of 2), 0.079 mins elapsed.
2021-09-02 19:45:08 : Constructing SummarizedExperiment, 0.085 mins elapsed.
2021-09-02 19:45:11 : Finished Matrix Creation, 0.126 mins elapsed.
