
           ___      .______        ______  __    __  .______      
          /   \     |   _  \      /      ||  |  |  | |   _  \     
         /  ^  \    |  |_)  |    |  ,----'|  |__|  | |  |_)  |    
        /  /_\  \   |      /     |  |     |   __   | |      /     
       /  _____  \  |  |\  \\___ |  `----.|  |  |  | |  |\  \\___.
      /__/     \__\ | _| `._____| \______||__|  |__| | _| `._____|
    
Logging With ArchR!

Start Time : 2022-02-10 18:35:16

------- ArchR Info

ArchRThreads = 1
ArchRGenome = Hg19

------- System Info

Computer OS = unix

------- Session Info

R version 4.1.2 (2021-11-01)
Platform: x86_64-apple-darwin17.0 (64-bit)
Running under: macOS Monterey 12.1

Matrix products: default
LAPACK: /Library/Frameworks/R.framework/Versions/4.1/Resources/lib/libRlapack.dylib

locale:
[1] en_US.UTF-8/en_US.UTF-8/en_US.UTF-8/C/en_US.UTF-8/en_US.UTF-8

attached base packages:
[1] grid      stats4    stats     graphics  grDevices utils     datasets  methods   base     

other attached packages:
 [1] ggseqlogo_0.1                     ArchR_1.0.1                       rhdf5_2.38.0                     
 [4] shinybusy_0.2.2                   magick_2.7.3                      hexbin_1.28.2                    
 [7] shinycssloaders_1.0.0             ggdendro_0.1.22                   ggrepel_0.9.1                    
[10] magrittr_2.0.2                    DT_0.20                           shinyhelper_0.3.2                
[13] shiny_1.7.1                       ShinyCell_2.1.0                   RColorBrewer_1.1-2               
[16] glue_1.6.1                        gridExtra_2.3                     R.utils_2.11.0                   
[19] R.oo_1.24.0                       R.methodsS3_1.8.1                 hdf5r_1.3.5                      
[22] data.table_1.14.2                 Signac_1.5.0                      TFBSTools_1.32.0                 
[25] JASPAR2018_1.1.1                  VISION_3.0.0                      kableExtra_1.3.4                 
[28] ggpubr_0.4.0                      knitr_1.37                        robustbase_0.93-9                
[31] plotly_4.10.0                     edgeR_3.36.0                      limma_3.50.0                     
[34] forcats_0.5.1                     stringr_1.4.0                     dplyr_1.0.8                      
[37] purrr_0.3.4                       readr_2.1.2                       tidyr_1.2.0                      
[40] tibble_3.1.6                      tidyverse_1.3.1                   chromVAR_1.16.0                  
[43] scater_1.22.0                     scuttle_1.4.0                     scales_1.1.1                     
[46] RCurl_1.98-1.6                    reshape2_1.4.4                    reticulate_1.24                  
[49] patchwork_1.1.1                   Matrix.utils_0.9.8                org.Hs.eg.db_3.14.0              
[52] Matrix_1.4-0                      gridGraphics_0.5-1                ggplotify_0.1.0                  
[55] ggthemes_4.2.4                    cowplot_1.1.1                     clustree_0.4.4                   
[58] ggraph_2.0.5                      ggplot2_3.3.5                     AnnotationHub_3.2.1              
[61] BiocFileCache_2.2.1               dbplyr_2.1.1                      BSgenome.Hsapiens.UCSC.hg38_1.4.4
[64] BSgenome_1.62.0                   rtracklayer_1.54.0                Biostrings_2.62.0                
[67] XVector_0.34.0                    EnsDb.Hsapiens.v86_2.99.0         ensembldb_2.18.3                 
[70] AnnotationFilter_1.18.0           GenomicFeatures_1.46.4            AnnotationDbi_1.56.2             
[73] SingleCellExperiment_1.16.0       SummarizedExperiment_1.24.0       Biobase_2.54.0                   
[76] GenomicRanges_1.46.1              GenomeInfoDb_1.30.1               IRanges_2.28.0                   
[79] S4Vectors_0.32.3                  BiocGenerics_0.40.0               MatrixGenerics_1.6.0             
[82] matrixStats_0.61.0                SeuratObject_4.0.4                Seurat_4.1.0                     
[85] markdown_1.1                     

loaded via a namespace (and not attached):
  [1] graphlayouts_0.8.0                pbapply_1.5-0                     lattice_0.20-45                  
  [4] haven_2.4.3                       vctrs_0.3.8                       fastICA_1.2-3                    
  [7] usethis_2.1.5                     mgcv_1.8-38                       blob_1.2.2                       
 [10] survival_3.2-13                   spatstat.data_2.1-2               later_1.3.0                      
 [13] DBI_1.1.2                         rappdirs_0.3.3                    uwot_0.1.11                      
 [16] zlibbioc_1.40.0                   fontawesome_0.2.2                 htmlwidgets_1.5.4                
 [19] future_1.23.0                     leiden_0.3.9                      parallel_4.1.2                   
 [22] irlba_2.3.5                       DEoptimR_1.0-10                   tidygraph_1.2.0                  
 [25] Rcpp_1.0.8                        logging_0.10-108                  KernSmooth_2.23-20               
 [28] promises_1.2.0.1                  DelayedArray_0.20.0               vegan_2.5-7                      
 [31] pkgload_1.2.4                     RSpectra_0.16-0                   fs_1.5.2                         
 [34] brio_1.1.3                        fastmatch_1.1-3                   presto_1.0.0                     
 [37] digest_0.6.29                     png_0.1-7                         qlcMatrix_0.9.7                  
 [40] sctransform_0.3.3                 pkgconfig_2.0.3                   GO.db_3.14.0                     
 [43] docopt_0.7.1                      DelayedMatrixStats_1.16.0         ggbeeswarm_0.6.0                 
 [46] beeswarm_0.4.0                    xfun_0.29                         bslib_0.3.1                      
 [49] zoo_1.8-9                         tidyselect_1.1.1                  ica_1.0-2                        
 [52] BSgenome.Hsapiens.UCSC.hg19_1.4.3 viridisLite_0.4.0                 pkgbuild_1.3.1                   
 [55] rlang_1.0.1                       jquerylib_0.1.4                   modelr_0.1.8                     
 [58] CNEr_1.30.0                       ggsignif_0.6.3                    labeling_0.4.2                   
 [61] harmony_0.1.0                     httpuv_1.6.5                      pbmcapply_1.5.0                  
 [64] BiocNeighbors_1.12.0              seqLogo_1.60.0                    grr_0.9.5                        
 [67] annotate_1.72.0                   webshot_0.5.2                     jsonlite_1.7.3                   
 [70] bit_4.0.4                         mime_0.12                         systemfonts_1.0.3                
 [73] Rsamtools_2.10.0                  stringi_1.7.6                     processx_3.5.2                   
 [76] RcppRoll_0.3.0                    spatstat.sparse_2.1-0             scattermore_0.7                  
 [79] rhdf5filters_1.6.0                yulab.utils_0.0.4                 bitops_1.0-7                     
 [82] cli_3.1.1                         RSQLite_2.2.9                     rsconnect_0.8.25                 
 [85] rstudioapi_0.13                   GenomicAlignments_1.30.0          nlme_3.1-155                     
 [88] locfit_1.5-9.4                    listenv_0.8.0                     SnowballC_0.7.0                  
 [91] miniUI_0.1.1.1                    sessioninfo_1.2.2                 readxl_1.3.1                     
 [94] lifecycle_1.0.1                   munsell_0.5.0                     cellranger_1.1.0                 
 [97] caTools_1.18.2                    codetools_0.2-18                  vipor_0.4.5                      
[100] lmtest_0.9-39                     xtable_1.8-4                      ROCR_1.0-11                      
[103] BiocManager_1.30.16               abind_1.4-5                       farver_2.1.0                     
[106] parallelly_1.30.0                 RANN_2.6.1                        askpass_1.1                      
[109] poweRlaw_0.70.6                   sparsesvd_0.2                     BiocIO_1.4.0                     
[112] RcppAnnoy_0.0.19                  goftest_1.2-3                     shinythemes_1.2.0                
[115] cluster_2.1.2                     future.apply_1.8.1                ellipsis_0.3.2                   
[118] wordspace_0.2-6                   prettyunits_1.1.1                 lubridate_1.8.0                  
[121] ggridges_0.5.3                    reprex_2.0.1                      mclust_5.4.9                     
[124] igraph_1.2.11                     loe_1.1                           iotools_0.3-2                    
[127] webutils_1.1                      remotes_2.4.2                     slam_0.1-50                      
[130] testthat_3.1.2                    spatstat.utils_2.3-0              htmltools_0.5.2                  
[133] yaml_2.2.2                        utf8_1.2.2                        interactiveDisplayBase_1.32.0    
[136] XML_3.99-0.8                      withr_2.4.3                       fitdistrplus_1.1-6               
[139] BiocParallel_1.28.3               bit64_4.0.5                       rhandsontable_0.3.8              
[142] ProtGenerics_1.26.0               spatstat.core_2.3-2               rsvd_1.0.5                       
[145] ScaledMatrix_1.2.0                devtools_2.4.3                    memoise_2.0.1                    
[148] evaluate_0.14                     tzdb_0.2.0                        permute_0.9-7                    
[151] callr_3.7.0                       ps_1.6.0                          curl_4.3.2                       
[154] fansi_1.0.2                       highr_0.9                         tensor_1.5                       
[157] checkmate_2.0.0                   cachem_1.0.6                      desc_1.4.0                       
[160] deldir_1.0-6                      rjson_0.2.21                      rstatix_0.7.0                    
[163] rprojroot_2.0.2                   tools_4.1.2                       sass_0.4.0                       
[166] car_3.0-12                        TFMPvalue_0.0.8                   ape_5.6-1                        
[169] xml2_1.3.3                        httr_1.4.2                        assertthat_0.2.1                 
[172] rmarkdown_2.11                    Rhdf5lib_1.16.0                   globals_0.14.0                   
[175] R6_2.5.1                          DirichletMultinomial_1.36.0       progress_1.2.2                   
[178] KEGGREST_1.34.0                   gtools_3.9.2                      lsa_0.73.2                       
[181] beachmat_2.10.0                   BiocVersion_3.14.0                BiocSingular_1.10.0              
[184] splines_4.1.2                     carData_3.0-5                     swagger_3.33.1                   
[187] colorspace_2.0-2                  generics_0.1.2                    pracma_2.3.6                     
[190] pillar_1.7.0                      tweenr_1.0.2                      GenomeInfoDbData_1.2.7           
[193] plyr_1.8.6                        gtable_0.3.0                      rvest_1.0.2                      
[196] restfulr_0.0.13                   biomaRt_2.50.3                    fastmap_1.1.0                    
[199] Cairo_1.5-14                      crosstalk_1.2.0                   broom_0.7.12                     
[202] openssl_1.4.6                     filelock_1.0.2                    backports_1.4.1                  
[205] hms_1.1.1                         ggforce_0.3.3                     Rtsne_0.15                       
[208] plumber_1.1.0                     polyclip_1.10-0                   lazyeval_0.2.2                   
[211] crayon_1.4.2                      MASS_7.3-55                       sparseMatrixStats_1.6.0          
[214] viridis_0.6.2                     svglite_2.1.0                     rpart_4.1.16                     
[217] compiler_4.1.2                    spatstat.geom_2.3-1              


------- Log Info


2022-02-10 18:35:17 : Input-Parameters, Class = list

Input-Parameters$ArchRProj: length = 1

Input-Parameters$embedding: length = 1
[1] "UMAP"


Input-Parameters$colorBy: length = 1
[1] "cellColData"


Input-Parameters$name: length = 1
[1] "Clusters"


Input-Parameters$log2Norm: length = 0
NULL


Input-Parameters$imputeWeights: length = 0
NULL


Input-Parameters$pal: length = 0
NULL


Input-Parameters$size: length = 1
[1] 0.5


Input-Parameters$sampleCells: length = 0
NULL


Input-Parameters$highlightCells: length = 0
NULL


Input-Parameters$rastr: length = 1
[1] FALSE


Input-Parameters$quantCut: length = 2
[1] 0.01 0.99


Input-Parameters$discreteSet: length = 0
NULL


Input-Parameters$continuousSet: length = 0
NULL


Input-Parameters$randomize: length = 1
[1] TRUE


Input-Parameters$keepAxis: length = 1
[1] FALSE


Input-Parameters$baseSize: length = 1
[1] 12


Input-Parameters$plotAs: length = 0
NULL


Input-Parameters$threads: length = 1
[1] 1


Input-Parameters$logFile: length = 1
[1] "ArchRLogs/ArchR-plotEmbedding-dbadd299ade-Date-2022-02-10_Time-18-35-16.log"



2022-02-10 18:35:17 : Getting UMAP Embedding

2022-02-10 18:35:17 : Embedding data.frame, Class = data.frame
Embedding data.frame: nRows = 10250, nCols = 2
                                  IterativeLSI#UMAP_Dimension_1 IterativeLSI#UMAP_Dimension_2
scATAC_BMMC_R1#TTATGTCAGTGATTAG-1                      2.382324                    -0.2408315
scATAC_BMMC_R1#AAGATAGTCACCGCGA-1                     -8.100133                    -0.3782458
scATAC_BMMC_R1#GCATTGAAGATTCCGT-1                     -2.142152                    -8.1759564
scATAC_BMMC_R1#TATGTTCAGGGTTCCC-1                     -2.878467                    -5.7616693
scATAC_BMMC_R1#AGTTACGAGAACGTCG-1                      3.113739                     0.6035576
scATAC_BMMC_R1#TTACTCAGTTCGGGAA-1                     -4.521362                    -3.9194276



2022-02-10 18:36:01 : ColorBy = cellColData

2022-02-10 18:36:01 : ColorParams 1, Class = list

ColorParams 1$color: length = 10250
[1] "C1"  "C6"  "C2"  "C2"  "C11" "C1" 


ColorParams 1$discrete: length = 1
[1] TRUE


ColorParams 1$continuousSet: length = 1
[1] "solarExtra"


ColorParams 1$discreteSet: length = 1
[1] "stallion"


ColorParams 1$title: length = 1
[1] "UMAP of IterativeLSI  colored by\ncolData :  Clusters"



2022-02-10 18:36:01 : PlotParams-1, Class = list

PlotParams-1$color: length = 10250
[1] "C1"  "C6"  "C2"  "C2"  "C11" "C1" 


PlotParams-1$discrete: length = 1
[1] TRUE


PlotParams-1$continuousSet: length = 1
[1] "solarExtra"


PlotParams-1$discreteSet: length = 1
[1] "stallion"


PlotParams-1$title: length = 1
[1] "UMAP of IterativeLSI  colored by\ncolData :  Clusters"


PlotParams-1$x: length = 10250
[1]  2.382324 -8.100133 -2.142152 -2.878467  3.113739 -4.521362


PlotParams-1$y: length = 10250
[1] -0.2408315 -0.3782458 -8.1759564 -5.7616693  0.6035576 -3.9194276


PlotParams-1$baseSize: length = 1
[1] 12


PlotParams-1$xlabel: length = 1
[1] "UMAP Dimension 1"


PlotParams-1$ylabel: length = 1
[1] "UMAP Dimension 2"


PlotParams-1$rastr: length = 1
[1] FALSE


PlotParams-1$size: length = 1
[1] 0.5


PlotParams-1$randomize: length = 1
[1] TRUE



------- Completed

End Time : 2022-02-10 18:36:01
Elapsed Time Minutes = 0.758369433879852
Elapsed Time Hours = 0.0126398366689682

-------



