
           ___      .______        ______  __    __  .______      
          /   \     |   _  \      /      ||  |  |  | |   _  \     
         /  ^  \    |  |_)  |    |  ,----'|  |__|  | |  |_)  |    
        /  /_\  \   |      /     |  |     |   __   | |      /     
       /  _____  \  |  |\  \\___ |  `----.|  |  |  | |  |\  \\___.
      /__/     \__\ | _| `._____| \______||__|  |__| | _| `._____|
    
Logging With ArchR!

Start Time : 2021-09-02 19:47:42

------- ArchR Info

ArchRThreads = 4
ArchRGenome = Hg19

------- System Info

Computer OS = unix
Total Cores = 8

------- Session Info

R version 4.0.2 (2020-06-22)
Platform: x86_64-apple-darwin17.0 (64-bit)
Running under: macOS  10.16

Matrix products: default
LAPACK: /Library/Frameworks/R.framework/Versions/4.0/Resources/lib/libRlapack.dylib

locale:
[1] en_US.UTF-8/en_US.UTF-8/en_US.UTF-8/C/en_US.UTF-8/en_US.UTF-8

attached base packages:
 [1] parallel  stats4    grid      stats     graphics  grDevices utils     datasets  methods  
[10] base     

other attached packages:
 [1] gtable_0.3.0                ggrepel_0.9.1               circlize_0.4.12            
 [4] ComplexHeatmap_2.4.3        nabor_0.5.0                 ggseqlogo_0.1              
 [7] ArchR_1.0.1                 magrittr_2.0.1              rhdf5_2.32.4               
[10] Matrix_1.3-2                data.table_1.14.0           SummarizedExperiment_1.18.2
[13] DelayedArray_0.14.1         matrixStats_0.58.0          Biobase_2.48.0             
[16] GenomicRanges_1.40.0        GenomeInfoDb_1.24.2         IRanges_2.22.2             
[19] S4Vectors_0.26.1            BiocGenerics_0.34.0         ggplot2_3.3.3              
[22] shinybusy_0.2.2             patchwork_1.1.1             gridExtra_2.3              
[25] magick_2.7.0                hexbin_1.28.2               shinycssloaders_1.0.0      
[28] SeuratObject_4.0.0          Seurat_4.0.1                shiny_1.6.0                

loaded via a namespace (and not attached):
  [1] utf8_1.2.1                        reticulate_1.18                  
  [3] R.utils_2.10.1                    tidyselect_1.1.0                 
  [5] poweRlaw_0.70.6                   RSQLite_2.2.4                    
  [7] AnnotationDbi_1.50.3              htmlwidgets_1.5.3                
  [9] BiocParallel_1.22.0               Rtsne_0.15                       
 [11] munsell_0.5.0                     codetools_0.2-18                 
 [13] ica_1.0-2                         DT_0.17                          
 [15] future_1.21.0                     miniUI_0.1.1.1                   
 [17] withr_2.4.1                       colorspace_2.0-0                 
 [19] knitr_1.31                        rstudioapi_0.13                  
 [21] ROCR_1.0-11                       tensor_1.5                       
 [23] listenv_0.8.0                     labeling_0.4.2                   
 [25] GenomeInfoDbData_1.2.3            polyclip_1.10-0                  
 [27] farver_2.1.0                      bit64_4.0.5                      
 [29] parallelly_1.24.0                 vctrs_0.3.6                      
 [31] generics_0.1.0                    xfun_0.22                        
 [33] R6_2.5.0                          clue_0.3-58                      
 [35] bitops_1.0-6                      spatstat.utils_2.1-0             
 [37] cachem_1.0.4                      assertthat_0.2.1                 
 [39] promises_1.2.0.1                  scales_1.1.1                     
 [41] debugme_1.1.0                     Cairo_1.5-12.2                   
 [43] globals_0.14.0                    goftest_1.2-2                    
 [45] seqLogo_1.54.3                    rlang_0.4.10                     
 [47] GlobalOptions_0.1.2               splines_4.0.2                    
 [49] rtracklayer_1.48.0                lazyeval_0.2.2                   
 [51] spatstat.geom_1.65-5              BiocManager_1.30.10              
 [53] yaml_2.2.1                        reshape2_1.4.4                   
 [55] abind_1.4-5                       crosstalk_1.1.1                  
 [57] rsconnect_0.8.16                  httpuv_1.5.5                     
 [59] tools_4.0.2                       ellipsis_0.3.1                   
 [61] spatstat.core_1.65-5              jquerylib_0.1.3                  
 [63] RColorBrewer_1.1-2                ggridges_0.5.3                   
 [65] Rcpp_1.0.6                        plyr_1.8.6                       
 [67] zlibbioc_1.34.0                   purrr_0.3.4                      
 [69] RCurl_1.98-1.3                    rpart_4.1-15                     
 [71] deldir_0.2-10                     pbapply_1.4-3                    
 [73] GetoptLong_1.0.5                  cowplot_1.1.1                    
 [75] zoo_1.8-9                         cluster_2.1.1                    
 [77] scattermore_0.7                   lmtest_0.9-38                    
 [79] RANN_2.6.1                        fitdistrplus_1.1-3               
 [81] hms_1.0.0                         mime_0.10                        
 [83] evaluate_0.14                     xtable_1.8-4                     
 [85] XML_3.99-0.6                      shape_1.4.5                      
 [87] compiler_4.0.2                    tibble_3.1.0                     
 [89] KernSmooth_2.23-18                crayon_1.4.1                     
 [91] BSgenome.Hsapiens.UCSC.hg19_1.4.3 R.oo_1.24.0                      
 [93] htmltools_0.5.1.1                 mgcv_1.8-34                      
 [95] later_1.2.0                       TFBSTools_1.26.0                 
 [97] tidyr_1.1.3                       DBI_1.1.1                        
 [99] MASS_7.3-53.1                     readr_1.4.0                      
[101] R.methodsS3_1.8.1                 igraph_1.2.6                     
[103] pkgconfig_2.0.3                   GenomicAlignments_1.24.0         
[105] TFMPvalue_0.0.8                   plotly_4.9.3                     
[107] spatstat.sparse_2.0-0             annotate_1.66.0                  
[109] bslib_0.2.4                       DirichletMultinomial_1.30.0      
[111] XVector_0.28.0                    stringr_1.4.0                    
[113] digest_0.6.27                     sctransform_0.3.2                
[115] RcppAnnoy_0.0.18                  pracma_2.3.3                     
[117] CNEr_1.24.0                       spatstat.data_2.0-0              
[119] Biostrings_2.56.0                 rmarkdown_2.7                    
[121] leiden_0.3.7                      uwot_0.1.10                      
[123] Rsamtools_2.4.0                   gtools_3.8.2                     
[125] rjson_0.2.20                      lifecycle_1.0.0                  
[127] nlme_3.1-152                      jsonlite_1.7.2                   
[129] Rhdf5lib_1.10.1                   viridisLite_0.3.0                
[131] BSgenome_1.56.0                   fansi_0.4.2                      
[133] pillar_1.5.1                      lattice_0.20-41                  
[135] KEGGREST_1.28.0                   fastmap_1.1.0                    
[137] httr_1.4.2                        survival_3.2-10                  
[139] GO.db_3.11.4                      glue_1.4.2                       
[141] png_0.1-7                         bit_4.0.4                        
[143] sass_0.3.1                        stringi_1.5.3                    
[145] blob_1.2.1                        caTools_1.18.1                   
[147] memoise_2.0.0                     dplyr_1.0.5                      
[149] irlba_2.3.3                       future.apply_1.7.0               


------- Log Info


2021-09-02 19:47:42 : peak2GeneHeatmap Input-Parameters, Class = list

peak2GeneHeatmap Input-Parameters$ArchRProj: length = 1

peak2GeneHeatmap Input-Parameters$corCutOff: length = 1
[1] 0.45


peak2GeneHeatmap Input-Parameters$FDRCutOff: length = 1
[1] 1e-04


peak2GeneHeatmap Input-Parameters$varCutOffATAC: length = 1
[1] 0.25


peak2GeneHeatmap Input-Parameters$varCutOffRNA: length = 1
[1] 0.25


peak2GeneHeatmap Input-Parameters$k: length = 1
[1] 25


peak2GeneHeatmap Input-Parameters$nPlot: length = 1
[1] 25000


peak2GeneHeatmap Input-Parameters$limitsATAC: length = 2
[1] -2  2


peak2GeneHeatmap Input-Parameters$limitsRNA: length = 2
[1] -2  2


peak2GeneHeatmap Input-Parameters$groupBy: length = 1
[1] "Clusters2"


peak2GeneHeatmap Input-Parameters$palGroup: length = 0
NULL


peak2GeneHeatmap Input-Parameters$palATAC: length = 256
[1] "#3361A5" "#3262A7" "#3263A9" "#3164AC" "#3166AE" "#3067B1"


peak2GeneHeatmap Input-Parameters$palRNA: length = 256
[1] "#352A86" "#342A87" "#342B88" "#342B89" "#342C8B" "#342C8C"


peak2GeneHeatmap Input-Parameters$verbose: length = 1
[1] TRUE


peak2GeneHeatmap Input-Parameters$returnMatrices: length = 1
[1] FALSE


peak2GeneHeatmap Input-Parameters$seed: length = 1
[1] 1


peak2GeneHeatmap Input-Parameters$logFile: length = 1
[1] "ArchRLogs/ArchR-plotPeak2GeneHeatmap-d47a4e7a0957-Date-2021-09-02_Time-19-47-42.log"


2021-09-02 19:47:49 : Determining KNN Groups!, 0.114 mins elapsed.
2021-09-02 19:47:55 : Ordering Peak2Gene Links!, 0.217 mins elapsed.

2021-09-02 19:48:10 : colorMap, Class = list

colorMap$groupBy: length = 11
        B     CD4.M     CD4.N    CD8.CM       CLP Erythroid 
"#D51F26" "#272E6A" "#208A42" "#89288F" "#F47D2B" "#FEE500" 



2021-09-02 19:48:10 : colOrder, Class = character

colOrder: length = 489
[1] "K_255" "K_44"  "K_343" "K_475" "K_480" "K_84" 



2021-09-02 19:48:10 : kDF, Class = DFrame
DataFrame with 24986 rows and 3 columns
              k       idx        V3
      <integer> <integer> <integer>
1             1     36428         1
2             1     38686         1
3             1     38660         1
4             1     19293         1
5             1     10264         1
...         ...       ...       ...
24982        25      4206        17
24983        25     41223        17
24984        25     14852        17
24985        25     40826        17
24986        25     21828        17


2021-09-02 19:48:10 : mATAC, Class = matrix
 
2021-09-02 19:48:10 : mATAC, Class = array
             K_1       K_2        K_3        K_4       K_5
P2G_1 -1.2307851 0.5659697  0.1959881 -1.1252147  1.532747
P2G_2  0.3989817 0.1326123 -0.3377573 -1.0899353 -0.831513
P2G_3 -1.2307851 0.5659697  0.1959881 -1.1252147  1.532747
P2G_4 -0.9384118 1.5661249  0.2760789 -0.9384118  1.116457
P2G_5 -1.0265039 1.2081293  0.1716853 -1.0265039  1.171324

mATAC: nRows = 41377, nCols = 489


2021-09-02 19:48:10 : mRNA, Class = matrix
 
2021-09-02 19:48:10 : mRNA, Class = array
             K_1        K_2         K_3        K_4        K_5
P2G_1 -0.7590261 -0.4790858  0.22028684 -0.9663018 -0.3830519
P2G_2 -0.7590261 -0.4790858  0.22028684 -0.9663018 -0.3830519
P2G_3 -1.5507906  0.2320037 -0.02976892 -1.2252256  0.3713592
P2G_4 -1.5507906  0.2320037 -0.02976892 -1.2252256  0.3713592
P2G_5 -1.5507906  0.2320037 -0.02976892 -1.2252256  0.3713592

mRNA: nRows = 41377, nCols = 489


2021-09-02 19:48:10 : cD, Class = DFrame
DataFrame with 489 rows and 1 column
          groupBy
      <character>
K_255   Erythroid
K_44    Erythroid
K_343   Erythroid
K_475   Erythroid
K_480   Erythroid
...           ...
K_228  Progenitor
K_231  Progenitor
K_435  Progenitor
K_331  Progenitor
K_338  Progenitor


2021-09-02 19:48:10 : mATAC2, Class = matrix
 
2021-09-02 19:48:10 : mATAC2, Class = array
               K_255      K_44      K_343      K_475      K_480
P2G_36428 -0.2631644 0.8235874 -0.2631644  0.8085516 -0.2631644
P2G_38686  3.6068660 1.6167876  1.0362353  2.2079096  2.1191697
P2G_38660  1.3406792 0.5000761 -0.2935139  2.7347768 -0.2935139
P2G_19293  1.8731753 0.7891300  1.8802590  1.7625531  0.7380441
P2G_10264  1.2761546 1.2139454 -0.2891151 -0.2891151  2.5107256

mATAC2: nRows = 24986, nCols = 489


2021-09-02 19:48:10 : mRNA2, Class = matrix
 
2021-09-02 19:48:10 : mRNA2, Class = array
             K_255     K_44    K_343    K_475    K_480
P2G_36428 2.131149 2.637039 2.405640 2.959217 2.579916
P2G_38686 1.910492 1.806571 1.576963 2.245107 1.169241
P2G_38660 2.716041 2.765155 3.375168 2.744976 2.376615
P2G_19293 1.314307 1.448894 1.848551 1.786163 1.416897
P2G_10264 1.212812 1.315476 1.542628 1.679671 1.589142

mRNA2: nRows = 24986, nCols = 489

2021-09-02 19:48:10 : Constructing ATAC Heatmap!, 0.462 mins elapsed.
2021-09-02 19:48:10 : Constructing RNA Heatmap!, 0.47 mins elapsed.

------- Completed

End Time : 2021-09-02 19:48:11
Elapsed Time Minutes = 0.48776745001475
Elapsed Time Hours = 0.00812953001923031

-------



