
           ___      .______        ______  __    __  .______      
          /   \     |   _  \      /      ||  |  |  | |   _  \     
         /  ^  \    |  |_)  |    |  ,----'|  |__|  | |  |_)  |    
        /  /_\  \   |      /     |  |     |   __   | |      /     
       /  _____  \  |  |\  \\___ |  `----.|  |  |  | |  |\  \\___.
      /__/     \__\ | _| `._____| \______||__|  |__| | _| `._____|
    
Logging With ArchR!

Start Time : 2021-09-02 19:58:39

------- ArchR Info

ArchRThreads = 4
ArchRGenome = Hg19

------- System Info

Computer OS = unix
Total Cores = 8

------- Session Info

R version 4.0.2 (2020-06-22)
Platform: x86_64-apple-darwin17.0 (64-bit)
Running under: macOS  10.16

Matrix products: default
LAPACK: /Library/Frameworks/R.framework/Versions/4.0/Resources/lib/libRlapack.dylib

locale:
[1] en_US.UTF-8/en_US.UTF-8/en_US.UTF-8/C/en_US.UTF-8/en_US.UTF-8

attached base packages:
 [1] parallel  stats4    grid      stats     graphics  grDevices utils     datasets  methods  
[10] base     

other attached packages:
 [1] gtable_0.3.0                ggrepel_0.9.1               circlize_0.4.12            
 [4] ComplexHeatmap_2.4.3        nabor_0.5.0                 ggseqlogo_0.1              
 [7] ArchR_1.0.1                 magrittr_2.0.1              rhdf5_2.32.4               
[10] Matrix_1.3-2                data.table_1.14.0           SummarizedExperiment_1.18.2
[13] DelayedArray_0.14.1         matrixStats_0.58.0          Biobase_2.48.0             
[16] GenomicRanges_1.40.0        GenomeInfoDb_1.24.2         IRanges_2.22.2             
[19] S4Vectors_0.26.1            BiocGenerics_0.34.0         ggplot2_3.3.3              
[22] shinybusy_0.2.2             patchwork_1.1.1             gridExtra_2.3              
[25] magick_2.7.0                hexbin_1.28.2               shinycssloaders_1.0.0      
[28] SeuratObject_4.0.0          Seurat_4.0.1                shiny_1.6.0                

loaded via a namespace (and not attached):
  [1] utf8_1.2.1                        reticulate_1.18                  
  [3] R.utils_2.10.1                    tidyselect_1.1.0                 
  [5] poweRlaw_0.70.6                   RSQLite_2.2.4                    
  [7] AnnotationDbi_1.50.3              htmlwidgets_1.5.3                
  [9] BiocParallel_1.22.0               Rtsne_0.15                       
 [11] munsell_0.5.0                     codetools_0.2-18                 
 [13] ica_1.0-2                         DT_0.17                          
 [15] future_1.21.0                     miniUI_0.1.1.1                   
 [17] withr_2.4.1                       colorspace_2.0-0                 
 [19] knitr_1.31                        rstudioapi_0.13                  
 [21] ROCR_1.0-11                       tensor_1.5                       
 [23] listenv_0.8.0                     labeling_0.4.2                   
 [25] GenomeInfoDbData_1.2.3            polyclip_1.10-0                  
 [27] farver_2.1.0                      bit64_4.0.5                      
 [29] parallelly_1.24.0                 vctrs_0.3.6                      
 [31] generics_0.1.0                    xfun_0.22                        
 [33] R6_2.5.0                          clue_0.3-58                      
 [35] bitops_1.0-6                      spatstat.utils_2.1-0             
 [37] cachem_1.0.4                      assertthat_0.2.1                 
 [39] promises_1.2.0.1                  scales_1.1.1                     
 [41] debugme_1.1.0                     Cairo_1.5-12.2                   
 [43] globals_0.14.0                    goftest_1.2-2                    
 [45] seqLogo_1.54.3                    rlang_0.4.10                     
 [47] GlobalOptions_0.1.2               splines_4.0.2                    
 [49] rtracklayer_1.48.0                lazyeval_0.2.2                   
 [51] spatstat.geom_1.65-5              BiocManager_1.30.10              
 [53] yaml_2.2.1                        reshape2_1.4.4                   
 [55] abind_1.4-5                       crosstalk_1.1.1                  
 [57] rsconnect_0.8.16                  httpuv_1.5.5                     
 [59] tools_4.0.2                       ellipsis_0.3.1                   
 [61] spatstat.core_1.65-5              jquerylib_0.1.3                  
 [63] RColorBrewer_1.1-2                ggridges_0.5.3                   
 [65] Rcpp_1.0.6                        plyr_1.8.6                       
 [67] zlibbioc_1.34.0                   purrr_0.3.4                      
 [69] RCurl_1.98-1.3                    rpart_4.1-15                     
 [71] deldir_0.2-10                     pbapply_1.4-3                    
 [73] GetoptLong_1.0.5                  cowplot_1.1.1                    
 [75] zoo_1.8-9                         cluster_2.1.1                    
 [77] scattermore_0.7                   lmtest_0.9-38                    
 [79] RANN_2.6.1                        fitdistrplus_1.1-3               
 [81] hms_1.0.0                         mime_0.10                        
 [83] evaluate_0.14                     xtable_1.8-4                     
 [85] XML_3.99-0.6                      shape_1.4.5                      
 [87] compiler_4.0.2                    tibble_3.1.0                     
 [89] KernSmooth_2.23-18                crayon_1.4.1                     
 [91] BSgenome.Hsapiens.UCSC.hg19_1.4.3 R.oo_1.24.0                      
 [93] htmltools_0.5.1.1                 mgcv_1.8-34                      
 [95] later_1.2.0                       TFBSTools_1.26.0                 
 [97] tidyr_1.1.3                       DBI_1.1.1                        
 [99] MASS_7.3-53.1                     readr_1.4.0                      
[101] R.methodsS3_1.8.1                 igraph_1.2.6                     
[103] pkgconfig_2.0.3                   GenomicAlignments_1.24.0         
[105] TFMPvalue_0.0.8                   plotly_4.9.3                     
[107] spatstat.sparse_2.0-0             annotate_1.66.0                  
[109] bslib_0.2.4                       DirichletMultinomial_1.30.0      
[111] XVector_0.28.0                    stringr_1.4.0                    
[113] digest_0.6.27                     sctransform_0.3.2                
[115] RcppAnnoy_0.0.18                  pracma_2.3.3                     
[117] CNEr_1.24.0                       spatstat.data_2.0-0              
[119] Biostrings_2.56.0                 rmarkdown_2.7                    
[121] leiden_0.3.7                      uwot_0.1.10                      
[123] Rsamtools_2.4.0                   gtools_3.8.2                     
[125] rjson_0.2.20                      lifecycle_1.0.0                  
[127] nlme_3.1-152                      jsonlite_1.7.2                   
[129] Rhdf5lib_1.10.1                   viridisLite_0.3.0                
[131] BSgenome_1.56.0                   fansi_0.4.2                      
[133] pillar_1.5.1                      lattice_0.20-41                  
[135] KEGGREST_1.28.0                   fastmap_1.1.0                    
[137] httr_1.4.2                        survival_3.2-10                  
[139] GO.db_3.11.4                      glue_1.4.2                       
[141] png_0.1-7                         bit_4.0.4                        
[143] sass_0.3.1                        stringi_1.5.3                    
[145] blob_1.2.1                        caTools_1.18.1                   
[147] memoise_2.0.0                     dplyr_1.0.5                      
[149] irlba_2.3.3                       future.apply_1.7.0               


------- Log Info


2021-09-02 19:58:39 : plotBrowserTrack Input-Parameters, Class = list

plotBrowserTrack Input-Parameters$ArchRProj: length = 1

plotBrowserTrack Input-Parameters$region: length = 0
NULL


plotBrowserTrack Input-Parameters$groupBy: length = 1
[1] "Clusters"


plotBrowserTrack Input-Parameters$useGroups: length = 0
NULL


plotBrowserTrack Input-Parameters$plotSummary: length = 4
[1] "bulkTrack"    "featureTrack" "loopTrack"    "geneTrack"   


plotBrowserTrack Input-Parameters$sizes: length = 4
[1] 10.0  1.5  3.0  4.0


plotBrowserTrack Input-Parameters$features: length = 148941
GRanges object with 6 ranges and 13 metadata columns:
        seqnames        ranges strand |     score replicateScoreQuantile groupScoreQuantile
           <Rle>     <IRanges>  <Rle> | <numeric>              <numeric>          <numeric>
    GMP     chr1 752510-753010      * |  12.39600                  0.832              0.638
  CD4.N     chr1 757872-758372      * |   5.87004                  0.832              0.535
      B     chr1 762690-763190      * |  45.65850                  0.919              0.823
    GMP     chr1 773671-774171      * |   4.91703                  0.509              0.199
  CD4.M     chr1 779906-780406      * |   8.45160                  0.394              0.085
    GMP     chr1 793520-794020      * |   3.35389                  0.486              0.150
        Reproducibility            GroupReplicate distToGeneStart nearestGene    peakType
              <numeric>               <character>       <integer> <character> <character>
    GMP               2      GMP._.scATAC_BMMC_R1           10141   LINC00115      Distal
  CD4.N               2              CD4.N._.Rep2            4779   LINC00115      Distal
      B               2        B._.scATAC_PBMC_R1              30   LINC01128    Promoter
    GMP               2 GMP._.scATAC_CD34_BMMC_R1           10949   LINC01128    Intronic
  CD4.M               2    CD4.M._.scATAC_PBMC_R1           17184   LINC01128    Intronic
    GMP               2      GMP._.scATAC_BMMC_R1           18411      FAM41C      Exonic
        distToTSS  nearestTSS        GC       idx         N
        <integer> <character> <numeric> <integer> <numeric>
    GMP     10141  uc001aau.3    0.4850         1         0
  CD4.N      4779  uc001aau.3    0.5609         2         0
      B        30  uc021oeh.1    0.6966         3         0
    GMP     10742  uc021oeh.1    0.4571         4         0
  CD4.M     16977  uc021oeh.1    0.4850         5         0
    GMP     18411  uc021oei.1    0.4770         6         0
  -------
  seqinfo: 23 sequences from an unspecified genome; no seqlengths


plotBrowserTrack Input-Parameters$geneSymbol: length = 1
[1] "A1BG"


plotBrowserTrack Input-Parameters$useMatrix: length = 0
NULL


plotBrowserTrack Input-Parameters$log2Norm: length = 1
[1] TRUE


plotBrowserTrack Input-Parameters$upstream: length = 1
[1] 50000


plotBrowserTrack Input-Parameters$downstream: length = 1
[1] 50000


plotBrowserTrack Input-Parameters$tileSize: length = 1
[1] 250


plotBrowserTrack Input-Parameters$minCells: length = 1
[1] 25


plotBrowserTrack Input-Parameters$normMethod: length = 1
[1] "ReadsInTSS"


plotBrowserTrack Input-Parameters$threads: length = 1
[1] 4


plotBrowserTrack Input-Parameters$ylim: length = 2
[1] 0.00 0.99


plotBrowserTrack Input-Parameters$pal: length = 0
NULL


plotBrowserTrack Input-Parameters$baseSize: length = 1
[1] 11


plotBrowserTrack Input-Parameters$scTileSize: length = 1
[1] 0.5


plotBrowserTrack Input-Parameters$scCellsMax: length = 1
[1] 100


plotBrowserTrack Input-Parameters$borderWidth: length = 1
[1] 0.4


plotBrowserTrack Input-Parameters$tickWidth: length = 1
[1] 0.4


plotBrowserTrack Input-Parameters$facetbaseSize: length = 1
[1] 11


plotBrowserTrack Input-Parameters$title: length = 1
[1] ""


plotBrowserTrack Input-Parameters$verbose: length = 1
[1] TRUE


plotBrowserTrack Input-Parameters$logFile: length = 1
[1] "ArchRLogs/ArchR-plotBrowserTrack-d47a7182be0d-Date-2021-09-02_Time-19-58-39.log"


2021-09-02 19:58:39 : Validating Region, 0.003 mins elapsed.

2021-09-02 19:58:39 : region, Class = GRanges
GRanges object with 1 range and 2 metadata columns:
      seqnames            ranges strand |     gene_id      symbol
         <Rle>         <IRanges>  <Rle> | <character> <character>
  [1]    chr19 58824214-58924214      * |           1        A1BG
  -------
  seqinfo: 24 sequences from hg19 genome

2021-09-02 19:58:39 : Adding Bulk Tracks (1 of 1), 0.004 mins elapsed.

2021-09-02 19:58:40 : Getting Region From Arrow Files 1 of 3

2021-09-02 19:58:40 : Getting Region From Arrow Files 2 of 3

2021-09-02 19:58:40 : Getting Region From Arrow Files 3 of 3

2021-09-02 19:58:42 : .bulkTracks df, Class = list

.bulkTracks df$C1: nRows = 137, nCols = 3
         x          y group
1 58824750 0.04462214    C1
2 58826000 0.04462214    C1
3 58826250 0.04462214    C1
4 58827000 0.04462214    C1
5 58829750 0.04462214    C1
6 58830250 0.04462214    C1


.bulkTracks df$C10: nRows = 161, nCols = 3
           x        y group
730 58825000 0.039144   C10
731 58828500 0.039144   C10
732 58829000 0.078288   C10
733 58830000 0.039144   C10
734 58833500 0.039144   C10
735 58834500 0.039144   C10


.bulkTracks df$C11: nRows = 212, nCols = 3
           x          y group
812 58828000 0.04084016   C11
813 58828500 0.08168033   C11
814 58829000 0.04084016   C11
815 58830750 0.04084016   C11
816 58832500 0.04084016   C11
817 58836500 0.04084016   C11


.bulkTracks df$C12: nRows = 205, nCols = 3
           x          y group
930 58825500 0.03642377   C12
931 58827000 0.03642377   C12
932 58833250 0.03642377   C12
933 58833500 0.03642377   C12
934 58833750 0.03642377   C12
935 58837000 0.07284754   C12


.bulkTracks df$C2: nRows = 149, nCols = 3
          x          y group
71 58833500 0.06612051    C2
72 58836750 0.06612051    C2
73 58838000 0.13224102    C2
74 58838250 0.99180767    C2
75 58838500 0.06612051    C2
76 58838750 0.06612051    C2


.bulkTracks df$C3: nRows = 146, nCols = 3
           x          y group
148 58829000 0.07411305    C3
149 58830750 0.07411305    C3
150 58837750 0.07411305    C3
151 58838250 0.66701747    C3
152 58838500 0.07411305    C3
153 58839500 0.07411305    C3


.bulkTracks df$C4: nRows = 125, nCols = 3
           x          y group
225 58824250 0.05795993    C4
226 58828500 0.05795993    C4
227 58837500 0.05795993    C4
228 58838000 0.05795993    C4
229 58838250 0.52163934    C4
230 58838500 0.11591985    C4


.bulkTracks df$C5: nRows = 169, nCols = 3
           x          y group
293 58825500 0.01920783    C5
294 58826000 0.01920783    C5
295 58827000 0.01920783    C5
296 58827250 0.01920783    C5
297 58827750 0.03841566    C5
298 58831000 0.01920783    C5


.bulkTracks df$C6: nRows = 112, nCols = 3
           x          y group
389 58828000 0.05069297    C6
390 58837500 0.05069297    C6
391 58837750 0.10138595    C6
392 58838250 1.01385946    C6
393 58838500 0.30415784    C6
394 58838750 0.10138595    C6


.bulkTracks df$C7: nRows = 194, nCols = 3
           x          y group
448 58824000 0.01830654    C7
449 58826250 0.01830654    C7
450 58827000 0.03661307    C7
451 58827250 0.01830654    C7
452 58827750 0.01830654    C7
453 58831000 0.01830654    C7


.bulkTracks df$C8: nRows = 182, nCols = 3
           x          y group
562 58830750 0.03914676    C8
563 58831000 0.03914676    C8
564 58831250 0.03914676    C8
565 58834000 0.03914676    C8
566 58837750 0.19573379    C8
567 58838000 0.27402730    C8


.bulkTracks df$C9: nRows = 132, nCols = 3
           x          y group
659 58825250 0.03829525    C9
660 58827250 0.03829525    C9
661 58828000 0.03829525    C9
662 58828250 0.03829525    C9
663 58830750 0.03829525    C9
664 58833250 0.03829525    C9


2021-09-02 19:58:42 : Adding Feature Tracks (1 of 1), 0.043 mins elapsed.

2021-09-02 19:58:42 : featureO, Class = data.frame
featureO: nRows = 19, nCols = 6
  seqnames    start      end width strand         name
1    chr19 58838399 58838899   501      * FeatureTrack
2    chr19 58840314 58840814   501      * FeatureTrack
3    chr19 58858257 58858757   501      * FeatureTrack
4    chr19 58858788 58859288   501      * FeatureTrack
5    chr19 58867501 58868001   501      * FeatureTrack
6    chr19 58873378 58873878   501      * FeatureTrack


2021-09-02 19:58:42 : Adding Loop Tracks (1 of 1), 0.046 mins elapsed.

2021-09-02 19:58:42 : loopO, Class = DFrame
DataFrame with 200 rows and 5 columns
            x            y    id     value            name
    <numeric>    <numeric> <Rle> <numeric>           <Rle>
1    58858507  1.22465e-14    l1  0.661114 CoAccessibility
2    58858516 -3.17279e+00    l1  0.661114 CoAccessibility
3    58858542 -6.34239e+00    l1  0.661114 CoAccessibility
4    58858585 -9.50560e+00    l1  0.661114 CoAccessibility
5    58858646 -1.26592e+01    l1  0.661114 CoAccessibility
...       ...          ...   ...       ...             ...
196  58892894 -1.24645e+01    l2  0.509592 CoAccessibility
197  58892954 -9.35940e+00    l2  0.509592 CoAccessibility
198  58892997 -6.24484e+00    l2  0.509592 CoAccessibility
199  58893022 -3.12399e+00    l2  0.509592 CoAccessibility
200  58893031 -2.41162e-14    l2  0.509592 CoAccessibility

2021-09-02 19:58:42 : Adding Gene Tracks (1 of 1), 0.049 mins elapsed.

2021-09-02 19:58:42 : (1 of 1) names(plotList), Class = character

(1 of 1) names(plotList): length = 4
[1] "bulktrack"    "featuretrack" "looptrack"    "genetrack"   



2021-09-02 19:58:42 : (1 of 1) sizes, Class = numeric

(1 of 1) sizes: length = 4
   bulktrack featuretrack    looptrack    genetrack 
        10.0          1.5          3.0          4.0 


2021-09-02 19:58:42 : Plotting, 0.056 mins elapsed.

------- Completed

End Time : 2021-09-02 19:58:46
Elapsed Time Minutes = 0.117328099409739
Elapsed Time Hours = 0.00195553302764893

-------



